2017-06-19 16:45:05 [WX] INFO com.mchange.v2.log.MLog.<clinit>(80) 
 MLog clients using log4j logging.
2017-06-19 16:45:06 [WX] INFO com.mchange.v2.c3p0.C3P0Registry.banner(204) 
 Initializing c3p0-0.9.1.2 [built 21-May-2007 15:04:56; debug? true; trace: 10]
2017-06-19 16:45:06 [WX] INFO com.mchange.v2.c3p0.impl.AbstractPoolBackedDataSource.getPoolManager(462) 
 Initializing c3p0 pool... com.mchange.v2.c3p0.ComboPooledDataSource [ acquireIncrement -> 2, acquireRetryAttempts -> 10, acquireRetryDelay -> 1000, autoCommitOnClose -> false, automaticTestTable -> null, breakAfterAcquireFailure -> false, checkoutTimeout -> 10000, connectionCustomizerClassName -> null, connectionTesterClassName -> com.mchange.v2.c3p0.impl.DefaultConnectionTester, dataSourceName -> 1bqtisd9o1h53w5d4a4fd8|397fbdb, debugUnreturnedConnectionStackTraces -> false, description -> null, driverClass -> com.mysql.jdbc.Driver, factoryClassLocation -> null, forceIgnoreUnresolvedTransactions -> false, identityToken -> 1bqtisd9o1h53w5d4a4fd8|397fbdb, idleConnectionTestPeriod -> 1800, initialPoolSize -> 2, jdbcUrl -> jdbc:mysql://localhost/hotel_manage_system?useUnicode=true&characterEncoding=UTF-8, maxAdministrativeTaskTime -> 0, maxConnectionAge -> 0, maxIdleTime -> 1800, maxIdleTimeExcessConnections -> 20, maxPoolSize -> 2000, maxStatements -> 0, maxStatementsPerConnection -> 0, minPoolSize -> 10, numHelperThreads -> 3, numThreadsAwaitingCheckoutDefaultUser -> 0, preferredTestQuery -> null, properties -> {user=******, password=******}, propertyCycle -> 0, testConnectionOnCheckin -> false, testConnectionOnCheckout -> false, unreturnedConnectionTimeout -> 25, usesTraditionalReflectiveProxies -> false ]
2017-06-19 16:46:05 [WX] INFO com.mchange.v2.log.MLog.<clinit>(80) 
 MLog clients using log4j logging.
2017-06-19 16:46:05 [WX] INFO com.mchange.v2.c3p0.C3P0Registry.banner(204) 
 Initializing c3p0-0.9.1.2 [built 21-May-2007 15:04:56; debug? true; trace: 10]
2017-06-19 16:46:06 [WX] INFO com.mchange.v2.c3p0.impl.AbstractPoolBackedDataSource.getPoolManager(462) 
 Initializing c3p0 pool... com.mchange.v2.c3p0.ComboPooledDataSource [ acquireIncrement -> 2, acquireRetryAttempts -> 10, acquireRetryDelay -> 1000, autoCommitOnClose -> false, automaticTestTable -> null, breakAfterAcquireFailure -> false, checkoutTimeout -> 10000, connectionCustomizerClassName -> null, connectionTesterClassName -> com.mchange.v2.c3p0.impl.DefaultConnectionTester, dataSourceName -> 1bqtisd9o1h5560v5wj3ws|397fbdb, debugUnreturnedConnectionStackTraces -> false, description -> null, driverClass -> com.mysql.jdbc.Driver, factoryClassLocation -> null, forceIgnoreUnresolvedTransactions -> false, identityToken -> 1bqtisd9o1h5560v5wj3ws|397fbdb, idleConnectionTestPeriod -> 1800, initialPoolSize -> 2, jdbcUrl -> jdbc:mysql://localhost/hotel_manage_system?useUnicode=true&characterEncoding=UTF-8, maxAdministrativeTaskTime -> 0, maxConnectionAge -> 0, maxIdleTime -> 1800, maxIdleTimeExcessConnections -> 20, maxPoolSize -> 2000, maxStatements -> 0, maxStatementsPerConnection -> 0, minPoolSize -> 10, numHelperThreads -> 3, numThreadsAwaitingCheckoutDefaultUser -> 0, preferredTestQuery -> null, properties -> {user=******, password=******}, propertyCycle -> 0, testConnectionOnCheckin -> false, testConnectionOnCheckout -> false, unreturnedConnectionTimeout -> 25, usesTraditionalReflectiveProxies -> false ]
2017-06-19 17:07:14 [WX] INFO com.mchange.v2.log.MLog.<clinit>(80) 
 MLog clients using log4j logging.
2017-06-19 17:07:15 [WX] INFO com.mchange.v2.c3p0.C3P0Registry.banner(204) 
 Initializing c3p0-0.9.1.2 [built 21-May-2007 15:04:56; debug? true; trace: 10]
2017-06-19 17:07:15 [WX] INFO com.mchange.v2.c3p0.impl.AbstractPoolBackedDataSource.getPoolManager(462) 
 Initializing c3p0 pool... com.mchange.v2.c3p0.ComboPooledDataSource [ acquireIncrement -> 2, acquireRetryAttempts -> 10, acquireRetryDelay -> 1000, autoCommitOnClose -> false, automaticTestTable -> null, breakAfterAcquireFailure -> false, checkoutTimeout -> 10000, connectionCustomizerClassName -> null, connectionTesterClassName -> com.mchange.v2.c3p0.impl.DefaultConnectionTester, dataSourceName -> 1bqtisd9o1h5wds3htcqvf|397fbdb, debugUnreturnedConnectionStackTraces -> false, description -> null, driverClass -> com.mysql.jdbc.Driver, factoryClassLocation -> null, forceIgnoreUnresolvedTransactions -> false, identityToken -> 1bqtisd9o1h5wds3htcqvf|397fbdb, idleConnectionTestPeriod -> 1800, initialPoolSize -> 2, jdbcUrl -> jdbc:mysql://localhost/hotel_manage_system?useUnicode=true&characterEncoding=UTF-8, maxAdministrativeTaskTime -> 0, maxConnectionAge -> 0, maxIdleTime -> 1800, maxIdleTimeExcessConnections -> 20, maxPoolSize -> 2000, maxStatements -> 0, maxStatementsPerConnection -> 0, minPoolSize -> 10, numHelperThreads -> 3, numThreadsAwaitingCheckoutDefaultUser -> 0, preferredTestQuery -> null, properties -> {user=******, password=******}, propertyCycle -> 0, testConnectionOnCheckin -> false, testConnectionOnCheckout -> false, unreturnedConnectionTimeout -> 25, usesTraditionalReflectiveProxies -> false ]
2017-06-19 17:26:41 [WX] INFO com.mchange.v2.log.MLog.<clinit>(80) 
 MLog clients using log4j logging.
2017-06-19 17:26:41 [WX] INFO com.mchange.v2.c3p0.C3P0Registry.banner(204) 
 Initializing c3p0-0.9.1.2 [built 21-May-2007 15:04:56; debug? true; trace: 10]
2017-06-19 17:26:41 [WX] INFO com.mchange.v2.c3p0.impl.AbstractPoolBackedDataSource.getPoolManager(462) 
 Initializing c3p0 pool... com.mchange.v2.c3p0.ComboPooledDataSource [ acquireIncrement -> 2, acquireRetryAttempts -> 10, acquireRetryDelay -> 1000, autoCommitOnClose -> false, automaticTestTable -> null, breakAfterAcquireFailure -> false, checkoutTimeout -> 10000, connectionCustomizerClassName -> null, connectionTesterClassName -> com.mchange.v2.c3p0.impl.DefaultConnectionTester, dataSourceName -> 1bqtisd9o1h6ldl419t1ayb|397fbdb, debugUnreturnedConnectionStackTraces -> false, description -> null, driverClass -> com.mysql.jdbc.Driver, factoryClassLocation -> null, forceIgnoreUnresolvedTransactions -> false, identityToken -> 1bqtisd9o1h6ldl419t1ayb|397fbdb, idleConnectionTestPeriod -> 1800, initialPoolSize -> 2, jdbcUrl -> jdbc:mysql://localhost/hotel_manage_system?useUnicode=true&characterEncoding=UTF-8, maxAdministrativeTaskTime -> 0, maxConnectionAge -> 0, maxIdleTime -> 1800, maxIdleTimeExcessConnections -> 20, maxPoolSize -> 2000, maxStatements -> 0, maxStatementsPerConnection -> 0, minPoolSize -> 10, numHelperThreads -> 3, numThreadsAwaitingCheckoutDefaultUser -> 0, preferredTestQuery -> null, properties -> {user=******, password=******}, propertyCycle -> 0, testConnectionOnCheckin -> false, testConnectionOnCheckout -> false, unreturnedConnectionTimeout -> 25, usesTraditionalReflectiveProxies -> false ]
2017-06-19 17:27:56 [WX] INFO com.mchange.v2.log.MLog.<clinit>(80) 
 MLog clients using log4j logging.
2017-06-19 17:27:56 [WX] INFO com.mchange.v2.c3p0.C3P0Registry.banner(204) 
 Initializing c3p0-0.9.1.2 [built 21-May-2007 15:04:56; debug? true; trace: 10]
2017-06-19 17:27:57 [WX] INFO com.mchange.v2.c3p0.impl.AbstractPoolBackedDataSource.getPoolManager(462) 
 Initializing c3p0 pool... com.mchange.v2.c3p0.ComboPooledDataSource [ acquireIncrement -> 2, acquireRetryAttempts -> 10, acquireRetryDelay -> 1000, autoCommitOnClose -> false, automaticTestTable -> null, breakAfterAcquireFailure -> false, checkoutTimeout -> 10000, connectionCustomizerClassName -> null, connectionTesterClassName -> com.mchange.v2.c3p0.impl.DefaultConnectionTester, dataSourceName -> 1bqtisd9o1h6mzn7191dzwp|397fbdb, debugUnreturnedConnectionStackTraces -> false, description -> null, driverClass -> com.mysql.jdbc.Driver, factoryClassLocation -> null, forceIgnoreUnresolvedTransactions -> false, identityToken -> 1bqtisd9o1h6mzn7191dzwp|397fbdb, idleConnectionTestPeriod -> 1800, initialPoolSize -> 2, jdbcUrl -> jdbc:mysql://localhost/hotel_manage_system?useUnicode=true&characterEncoding=UTF-8, maxAdministrativeTaskTime -> 0, maxConnectionAge -> 0, maxIdleTime -> 1800, maxIdleTimeExcessConnections -> 20, maxPoolSize -> 2000, maxStatements -> 0, maxStatementsPerConnection -> 0, minPoolSize -> 10, numHelperThreads -> 3, numThreadsAwaitingCheckoutDefaultUser -> 0, preferredTestQuery -> null, properties -> {user=******, password=******}, propertyCycle -> 0, testConnectionOnCheckin -> false, testConnectionOnCheckout -> false, unreturnedConnectionTimeout -> 25, usesTraditionalReflectiveProxies -> false ]
2017-06-19 17:28:16 [WX] INFO com.mchange.v2.log.MLog.<clinit>(80) 
 MLog clients using log4j logging.
2017-06-19 17:28:16 [WX] INFO com.mchange.v2.c3p0.C3P0Registry.banner(204) 
 Initializing c3p0-0.9.1.2 [built 21-May-2007 15:04:56; debug? true; trace: 10]
2017-06-19 17:28:17 [WX] INFO com.mchange.v2.c3p0.impl.AbstractPoolBackedDataSource.getPoolManager(462) 
 Initializing c3p0 pool... com.mchange.v2.c3p0.ComboPooledDataSource [ acquireIncrement -> 2, acquireRetryAttempts -> 10, acquireRetryDelay -> 1000, autoCommitOnClose -> false, automaticTestTable -> null, breakAfterAcquireFailure -> false, checkoutTimeout -> 10000, connectionCustomizerClassName -> null, connectionTesterClassName -> com.mchange.v2.c3p0.impl.DefaultConnectionTester, dataSourceName -> 1bqtisd9o1h6nf9l125hakc|397fbdb, debugUnreturnedConnectionStackTraces -> false, description -> null, driverClass -> com.mysql.jdbc.Driver, factoryClassLocation -> null, forceIgnoreUnresolvedTransactions -> false, identityToken -> 1bqtisd9o1h6nf9l125hakc|397fbdb, idleConnectionTestPeriod -> 1800, initialPoolSize -> 2, jdbcUrl -> jdbc:mysql://localhost/hotel_manage_system?useUnicode=true&characterEncoding=UTF-8, maxAdministrativeTaskTime -> 0, maxConnectionAge -> 0, maxIdleTime -> 1800, maxIdleTimeExcessConnections -> 20, maxPoolSize -> 2000, maxStatements -> 0, maxStatementsPerConnection -> 0, minPoolSize -> 10, numHelperThreads -> 3, numThreadsAwaitingCheckoutDefaultUser -> 0, preferredTestQuery -> null, properties -> {user=******, password=******}, propertyCycle -> 0, testConnectionOnCheckin -> false, testConnectionOnCheckout -> false, unreturnedConnectionTimeout -> 25, usesTraditionalReflectiveProxies -> false ]
2017-06-19 17:30:03 [WX] INFO com.mchange.v2.log.MLog.<clinit>(80) 
 MLog clients using log4j logging.
2017-06-19 17:30:03 [WX] INFO com.mchange.v2.c3p0.C3P0Registry.banner(204) 
 Initializing c3p0-0.9.1.2 [built 21-May-2007 15:04:56; debug? true; trace: 10]
2017-06-19 17:30:04 [WX] INFO com.mchange.v2.c3p0.impl.AbstractPoolBackedDataSource.getPoolManager(462) 
 Initializing c3p0 pool... com.mchange.v2.c3p0.ComboPooledDataSource [ acquireIncrement -> 2, acquireRetryAttempts -> 10, acquireRetryDelay -> 1000, autoCommitOnClose -> false, automaticTestTable -> null, breakAfterAcquireFailure -> false, checkoutTimeout -> 10000, connectionCustomizerClassName -> null, connectionTesterClassName -> com.mchange.v2.c3p0.impl.DefaultConnectionTester, dataSourceName -> 1bqtisd9o1h6ppm79hrlw9|397fbdb, debugUnreturnedConnectionStackTraces -> false, description -> null, driverClass -> com.mysql.jdbc.Driver, factoryClassLocation -> null, forceIgnoreUnresolvedTransactions -> false, identityToken -> 1bqtisd9o1h6ppm79hrlw9|397fbdb, idleConnectionTestPeriod -> 1800, initialPoolSize -> 2, jdbcUrl -> jdbc:mysql://localhost/hotel_manage_system?useUnicode=true&characterEncoding=UTF-8, maxAdministrativeTaskTime -> 0, maxConnectionAge -> 0, maxIdleTime -> 1800, maxIdleTimeExcessConnections -> 20, maxPoolSize -> 2000, maxStatements -> 0, maxStatementsPerConnection -> 0, minPoolSize -> 10, numHelperThreads -> 3, numThreadsAwaitingCheckoutDefaultUser -> 0, preferredTestQuery -> null, properties -> {user=******, password=******}, propertyCycle -> 0, testConnectionOnCheckin -> false, testConnectionOnCheckout -> false, unreturnedConnectionTimeout -> 25, usesTraditionalReflectiveProxies -> false ]
2017-06-19 17:31:09 [WX] INFO com.mchange.v2.log.MLog.<clinit>(80) 
 MLog clients using log4j logging.
2017-06-19 17:31:09 [WX] INFO com.mchange.v2.c3p0.C3P0Registry.banner(204) 
 Initializing c3p0-0.9.1.2 [built 21-May-2007 15:04:56; debug? true; trace: 10]
2017-06-19 17:31:10 [WX] INFO com.mchange.v2.c3p0.impl.AbstractPoolBackedDataSource.getPoolManager(462) 
 Initializing c3p0 pool... com.mchange.v2.c3p0.ComboPooledDataSource [ acquireIncrement -> 2, acquireRetryAttempts -> 10, acquireRetryDelay -> 1000, autoCommitOnClose -> false, automaticTestTable -> null, breakAfterAcquireFailure -> false, checkoutTimeout -> 10000, connectionCustomizerClassName -> null, connectionTesterClassName -> com.mchange.v2.c3p0.impl.DefaultConnectionTester, dataSourceName -> 1bqtisd9o1h6r4i5110253l|397fbdb, debugUnreturnedConnectionStackTraces -> false, description -> null, driverClass -> com.mysql.jdbc.Driver, factoryClassLocation -> null, forceIgnoreUnresolvedTransactions -> false, identityToken -> 1bqtisd9o1h6r4i5110253l|397fbdb, idleConnectionTestPeriod -> 1800, initialPoolSize -> 2, jdbcUrl -> jdbc:mysql://localhost/hotel_manage_system?useUnicode=true&characterEncoding=UTF-8, maxAdministrativeTaskTime -> 0, maxConnectionAge -> 0, maxIdleTime -> 1800, maxIdleTimeExcessConnections -> 20, maxPoolSize -> 2000, maxStatements -> 0, maxStatementsPerConnection -> 0, minPoolSize -> 10, numHelperThreads -> 3, numThreadsAwaitingCheckoutDefaultUser -> 0, preferredTestQuery -> null, properties -> {user=******, password=******}, propertyCycle -> 0, testConnectionOnCheckin -> false, testConnectionOnCheckout -> false, unreturnedConnectionTimeout -> 25, usesTraditionalReflectiveProxies -> false ]
2017-06-19 17:31:26 [WX] INFO com.mchange.v2.log.MLog.<clinit>(80) 
 MLog clients using log4j logging.
2017-06-19 17:31:26 [WX] INFO com.mchange.v2.c3p0.C3P0Registry.banner(204) 
 Initializing c3p0-0.9.1.2 [built 21-May-2007 15:04:56; debug? true; trace: 10]
2017-06-19 17:31:26 [WX] INFO com.mchange.v2.c3p0.impl.AbstractPoolBackedDataSource.getPoolManager(462) 
 Initializing c3p0 pool... com.mchange.v2.c3p0.ComboPooledDataSource [ acquireIncrement -> 2, acquireRetryAttempts -> 10, acquireRetryDelay -> 1000, autoCommitOnClose -> false, automaticTestTable -> null, breakAfterAcquireFailure -> false, checkoutTimeout -> 10000, connectionCustomizerClassName -> null, connectionTesterClassName -> com.mchange.v2.c3p0.impl.DefaultConnectionTester, dataSourceName -> 1bqtisd9o1h6rh8jofckxi|397fbdb, debugUnreturnedConnectionStackTraces -> false, description -> null, driverClass -> com.mysql.jdbc.Driver, factoryClassLocation -> null, forceIgnoreUnresolvedTransactions -> false, identityToken -> 1bqtisd9o1h6rh8jofckxi|397fbdb, idleConnectionTestPeriod -> 1800, initialPoolSize -> 2, jdbcUrl -> jdbc:mysql://localhost/hotel_manage_system?useUnicode=true&characterEncoding=UTF-8, maxAdministrativeTaskTime -> 0, maxConnectionAge -> 0, maxIdleTime -> 1800, maxIdleTimeExcessConnections -> 20, maxPoolSize -> 2000, maxStatements -> 0, maxStatementsPerConnection -> 0, minPoolSize -> 10, numHelperThreads -> 3, numThreadsAwaitingCheckoutDefaultUser -> 0, preferredTestQuery -> null, properties -> {user=******, password=******}, propertyCycle -> 0, testConnectionOnCheckin -> false, testConnectionOnCheckout -> false, unreturnedConnectionTimeout -> 25, usesTraditionalReflectiveProxies -> false ]
2017-06-19 17:34:53 [WX] INFO com.mchange.v2.log.MLog.<clinit>(80) 
 MLog clients using log4j logging.
2017-06-19 17:34:53 [WX] INFO com.mchange.v2.c3p0.C3P0Registry.banner(204) 
 Initializing c3p0-0.9.1.2 [built 21-May-2007 15:04:56; debug? true; trace: 10]
2017-06-19 17:34:53 [WX] INFO com.mchange.v2.c3p0.impl.AbstractPoolBackedDataSource.getPoolManager(462) 
 Initializing c3p0 pool... com.mchange.v2.c3p0.ComboPooledDataSource [ acquireIncrement -> 2, acquireRetryAttempts -> 10, acquireRetryDelay -> 1000, autoCommitOnClose -> false, automaticTestTable -> null, breakAfterAcquireFailure -> false, checkoutTimeout -> 10000, connectionCustomizerClassName -> null, connectionTesterClassName -> com.mchange.v2.c3p0.impl.DefaultConnectionTester, dataSourceName -> 1bqtisd9o1h6vx3r1prr9yj|397fbdb, debugUnreturnedConnectionStackTraces -> false, description -> null, driverClass -> com.mysql.jdbc.Driver, factoryClassLocation -> null, forceIgnoreUnresolvedTransactions -> false, identityToken -> 1bqtisd9o1h6vx3r1prr9yj|397fbdb, idleConnectionTestPeriod -> 1800, initialPoolSize -> 2, jdbcUrl -> jdbc:mysql://localhost/hotel_manage_system?useUnicode=true&characterEncoding=UTF-8, maxAdministrativeTaskTime -> 0, maxConnectionAge -> 0, maxIdleTime -> 1800, maxIdleTimeExcessConnections -> 20, maxPoolSize -> 2000, maxStatements -> 0, maxStatementsPerConnection -> 0, minPoolSize -> 10, numHelperThreads -> 3, numThreadsAwaitingCheckoutDefaultUser -> 0, preferredTestQuery -> null, properties -> {user=******, password=******}, propertyCycle -> 0, testConnectionOnCheckin -> false, testConnectionOnCheckout -> false, unreturnedConnectionTimeout -> 25, usesTraditionalReflectiveProxies -> false ]
2017-06-19 17:36:08 [WX] INFO com.mchange.v2.log.MLog.<clinit>(80) 
 MLog clients using log4j logging.
2017-06-19 17:36:08 [WX] INFO com.mchange.v2.c3p0.C3P0Registry.banner(204) 
 Initializing c3p0-0.9.1.2 [built 21-May-2007 15:04:56; debug? true; trace: 10]
2017-06-19 17:36:08 [WX] INFO com.mchange.v2.c3p0.impl.AbstractPoolBackedDataSource.getPoolManager(462) 
 Initializing c3p0 pool... com.mchange.v2.c3p0.ComboPooledDataSource [ acquireIncrement -> 2, acquireRetryAttempts -> 10, acquireRetryDelay -> 1000, autoCommitOnClose -> false, automaticTestTable -> null, breakAfterAcquireFailure -> false, checkoutTimeout -> 10000, connectionCustomizerClassName -> null, connectionTesterClassName -> com.mchange.v2.c3p0.impl.DefaultConnectionTester, dataSourceName -> 1bqtisd9o1h6xj1r1upkmor|397fbdb, debugUnreturnedConnectionStackTraces -> false, description -> null, driverClass -> com.mysql.jdbc.Driver, factoryClassLocation -> null, forceIgnoreUnresolvedTransactions -> false, identityToken -> 1bqtisd9o1h6xj1r1upkmor|397fbdb, idleConnectionTestPeriod -> 1800, initialPoolSize -> 2, jdbcUrl -> jdbc:mysql://localhost/hotel_manage_system?useUnicode=true&characterEncoding=UTF-8, maxAdministrativeTaskTime -> 0, maxConnectionAge -> 0, maxIdleTime -> 1800, maxIdleTimeExcessConnections -> 20, maxPoolSize -> 2000, maxStatements -> 0, maxStatementsPerConnection -> 0, minPoolSize -> 10, numHelperThreads -> 3, numThreadsAwaitingCheckoutDefaultUser -> 0, preferredTestQuery -> null, properties -> {user=******, password=******}, propertyCycle -> 0, testConnectionOnCheckin -> false, testConnectionOnCheckout -> false, unreturnedConnectionTimeout -> 25, usesTraditionalReflectiveProxies -> false ]
2017-06-19 17:47:21 [WX] INFO com.mchange.v2.log.MLog.<clinit>(80) 
 MLog clients using log4j logging.
2017-06-19 17:47:22 [WX] INFO com.mchange.v2.c3p0.C3P0Registry.banner(204) 
 Initializing c3p0-0.9.1.2 [built 21-May-2007 15:04:56; debug? true; trace: 10]
2017-06-19 17:47:22 [WX] INFO com.mchange.v2.c3p0.impl.AbstractPoolBackedDataSource.getPoolManager(462) 
 Initializing c3p0 pool... com.mchange.v2.c3p0.ComboPooledDataSource [ acquireIncrement -> 2, acquireRetryAttempts -> 10, acquireRetryDelay -> 1000, autoCommitOnClose -> false, automaticTestTable -> null, breakAfterAcquireFailure -> false, checkoutTimeout -> 10000, connectionCustomizerClassName -> null, connectionTesterClassName -> com.mchange.v2.c3p0.impl.DefaultConnectionTester, dataSourceName -> 1bqtisd9o1h7byvb1wp8sd6|397fbdb, debugUnreturnedConnectionStackTraces -> false, description -> null, driverClass -> com.mysql.jdbc.Driver, factoryClassLocation -> null, forceIgnoreUnresolvedTransactions -> false, identityToken -> 1bqtisd9o1h7byvb1wp8sd6|397fbdb, idleConnectionTestPeriod -> 1800, initialPoolSize -> 2, jdbcUrl -> jdbc:mysql://localhost/hotel_manage_system?useUnicode=true&characterEncoding=UTF-8, maxAdministrativeTaskTime -> 0, maxConnectionAge -> 0, maxIdleTime -> 1800, maxIdleTimeExcessConnections -> 20, maxPoolSize -> 2000, maxStatements -> 0, maxStatementsPerConnection -> 0, minPoolSize -> 10, numHelperThreads -> 3, numThreadsAwaitingCheckoutDefaultUser -> 0, preferredTestQuery -> null, properties -> {user=******, password=******}, propertyCycle -> 0, testConnectionOnCheckin -> false, testConnectionOnCheckout -> false, unreturnedConnectionTimeout -> 25, usesTraditionalReflectiveProxies -> false ]
2017-06-19 21:50:28 [WX] INFO com.mchange.v2.log.MLog.<clinit>(80) 
 MLog clients using log4j logging.
2017-06-19 21:50:28 [WX] INFO com.mchange.v2.c3p0.C3P0Registry.banner(204) 
 Initializing c3p0-0.9.1.2 [built 21-May-2007 15:04:56; debug? true; trace: 10]
2017-06-19 21:50:28 [WX] INFO com.mchange.v2.c3p0.impl.AbstractPoolBackedDataSource.getPoolManager(462) 
 Initializing c3p0 pool... com.mchange.v2.c3p0.ComboPooledDataSource [ acquireIncrement -> 2, acquireRetryAttempts -> 10, acquireRetryDelay -> 1000, autoCommitOnClose -> false, automaticTestTable -> null, breakAfterAcquireFailure -> false, checkoutTimeout -> 10000, connectionCustomizerClassName -> null, connectionTesterClassName -> com.mchange.v2.c3p0.impl.DefaultConnectionTester, dataSourceName -> 1hge15x9o1hg0lmv6df25l|397fbdb, debugUnreturnedConnectionStackTraces -> false, description -> null, driverClass -> com.mysql.jdbc.Driver, factoryClassLocation -> null, forceIgnoreUnresolvedTransactions -> false, identityToken -> 1hge15x9o1hg0lmv6df25l|397fbdb, idleConnectionTestPeriod -> 1800, initialPoolSize -> 2, jdbcUrl -> jdbc:mysql://localhost/hotel_manage_system?useUnicode=true&characterEncoding=UTF-8, maxAdministrativeTaskTime -> 0, maxConnectionAge -> 0, maxIdleTime -> 1800, maxIdleTimeExcessConnections -> 20, maxPoolSize -> 2000, maxStatements -> 0, maxStatementsPerConnection -> 0, minPoolSize -> 10, numHelperThreads -> 3, numThreadsAwaitingCheckoutDefaultUser -> 0, preferredTestQuery -> null, properties -> {user=******, password=******}, propertyCycle -> 0, testConnectionOnCheckin -> false, testConnectionOnCheckout -> false, unreturnedConnectionTimeout -> 25, usesTraditionalReflectiveProxies -> false ]
2017-06-19 21:51:54 [WX] INFO com.mchange.v2.log.MLog.<clinit>(80) 
 MLog clients using log4j logging.
2017-06-19 21:51:54 [WX] INFO com.mchange.v2.c3p0.C3P0Registry.banner(204) 
 Initializing c3p0-0.9.1.2 [built 21-May-2007 15:04:56; debug? true; trace: 10]
2017-06-19 21:51:54 [WX] INFO com.mchange.v2.c3p0.impl.AbstractPoolBackedDataSource.getPoolManager(462) 
 Initializing c3p0 pool... com.mchange.v2.c3p0.ComboPooledDataSource [ acquireIncrement -> 2, acquireRetryAttempts -> 10, acquireRetryDelay -> 1000, autoCommitOnClose -> false, automaticTestTable -> null, breakAfterAcquireFailure -> false, checkoutTimeout -> 10000, connectionCustomizerClassName -> null, connectionTesterClassName -> com.mchange.v2.c3p0.impl.DefaultConnectionTester, dataSourceName -> 1hge15x9o1hg2fwnaj9x8|397fbdb, debugUnreturnedConnectionStackTraces -> false, description -> null, driverClass -> com.mysql.jdbc.Driver, factoryClassLocation -> null, forceIgnoreUnresolvedTransactions -> false, identityToken -> 1hge15x9o1hg2fwnaj9x8|397fbdb, idleConnectionTestPeriod -> 1800, initialPoolSize -> 2, jdbcUrl -> jdbc:mysql://localhost/hotel_manage_system?useUnicode=true&characterEncoding=UTF-8, maxAdministrativeTaskTime -> 0, maxConnectionAge -> 0, maxIdleTime -> 1800, maxIdleTimeExcessConnections -> 20, maxPoolSize -> 2000, maxStatements -> 0, maxStatementsPerConnection -> 0, minPoolSize -> 10, numHelperThreads -> 3, numThreadsAwaitingCheckoutDefaultUser -> 0, preferredTestQuery -> null, properties -> {user=******, password=******}, propertyCycle -> 0, testConnectionOnCheckin -> false, testConnectionOnCheckout -> false, unreturnedConnectionTimeout -> 25, usesTraditionalReflectiveProxies -> false ]
2017-06-19 22:03:09 [WX] INFO com.mchange.v2.log.MLog.<clinit>(80) 
 MLog clients using log4j logging.
2017-06-19 22:03:09 [WX] INFO com.mchange.v2.c3p0.C3P0Registry.banner(204) 
 Initializing c3p0-0.9.1.2 [built 21-May-2007 15:04:56; debug? true; trace: 10]
2017-06-19 22:03:10 [WX] INFO com.mchange.v2.c3p0.impl.AbstractPoolBackedDataSource.getPoolManager(462) 
 Initializing c3p0 pool... com.mchange.v2.c3p0.ComboPooledDataSource [ acquireIncrement -> 2, acquireRetryAttempts -> 10, acquireRetryDelay -> 1000, autoCommitOnClose -> false, automaticTestTable -> null, breakAfterAcquireFailure -> false, checkoutTimeout -> 10000, connectionCustomizerClassName -> null, connectionTesterClassName -> com.mchange.v2.c3p0.impl.DefaultConnectionTester, dataSourceName -> 1hge15x9o1hggxbknymz59|397fbdb, debugUnreturnedConnectionStackTraces -> false, description -> null, driverClass -> com.mysql.jdbc.Driver, factoryClassLocation -> null, forceIgnoreUnresolvedTransactions -> false, identityToken -> 1hge15x9o1hggxbknymz59|397fbdb, idleConnectionTestPeriod -> 1800, initialPoolSize -> 2, jdbcUrl -> jdbc:mysql://localhost/hotel_manage_system?useUnicode=true&characterEncoding=UTF-8, maxAdministrativeTaskTime -> 0, maxConnectionAge -> 0, maxIdleTime -> 1800, maxIdleTimeExcessConnections -> 20, maxPoolSize -> 2000, maxStatements -> 0, maxStatementsPerConnection -> 0, minPoolSize -> 10, numHelperThreads -> 3, numThreadsAwaitingCheckoutDefaultUser -> 0, preferredTestQuery -> null, properties -> {user=******, password=******}, propertyCycle -> 0, testConnectionOnCheckin -> false, testConnectionOnCheckout -> false, unreturnedConnectionTimeout -> 25, usesTraditionalReflectiveProxies -> false ]
2017-06-19 22:10:30 [WX] INFO com.mchange.v2.log.MLog.<clinit>(80) 
 MLog clients using log4j logging.
2017-06-19 22:10:30 [WX] INFO com.mchange.v2.c3p0.C3P0Registry.banner(204) 
 Initializing c3p0-0.9.1.2 [built 21-May-2007 15:04:56; debug? true; trace: 10]
2017-06-19 22:10:31 [WX] INFO com.mchange.v2.c3p0.impl.AbstractPoolBackedDataSource.getPoolManager(462) 
 Initializing c3p0 pool... com.mchange.v2.c3p0.ComboPooledDataSource [ acquireIncrement -> 2, acquireRetryAttempts -> 10, acquireRetryDelay -> 1000, autoCommitOnClose -> false, automaticTestTable -> null, breakAfterAcquireFailure -> false, checkoutTimeout -> 10000, connectionCustomizerClassName -> null, connectionTesterClassName -> com.mchange.v2.c3p0.impl.DefaultConnectionTester, dataSourceName -> 1hge15x9o1hgqdjv1fwv6fq|397fbdb, debugUnreturnedConnectionStackTraces -> false, description -> null, driverClass -> com.mysql.jdbc.Driver, factoryClassLocation -> null, forceIgnoreUnresolvedTransactions -> false, identityToken -> 1hge15x9o1hgqdjv1fwv6fq|397fbdb, idleConnectionTestPeriod -> 1800, initialPoolSize -> 2, jdbcUrl -> jdbc:mysql://localhost/hotel_manage_system?useUnicode=true&characterEncoding=UTF-8, maxAdministrativeTaskTime -> 0, maxConnectionAge -> 0, maxIdleTime -> 1800, maxIdleTimeExcessConnections -> 20, maxPoolSize -> 2000, maxStatements -> 0, maxStatementsPerConnection -> 0, minPoolSize -> 10, numHelperThreads -> 3, numThreadsAwaitingCheckoutDefaultUser -> 0, preferredTestQuery -> null, properties -> {user=******, password=******}, propertyCycle -> 0, testConnectionOnCheckin -> false, testConnectionOnCheckout -> false, unreturnedConnectionTimeout -> 25, usesTraditionalReflectiveProxies -> false ]
2017-06-19 22:29:26 [WX] INFO com.mchange.v2.log.MLog.<clinit>(80) 
 MLog clients using log4j logging.
2017-06-19 22:29:27 [WX] INFO com.mchange.v2.c3p0.C3P0Registry.banner(204) 
 Initializing c3p0-0.9.1.2 [built 21-May-2007 15:04:56; debug? true; trace: 10]
2017-06-19 22:29:27 [WX] INFO com.mchange.v2.c3p0.impl.AbstractPoolBackedDataSource.getPoolManager(462) 
 Initializing c3p0 pool... com.mchange.v2.c3p0.ComboPooledDataSource [ acquireIncrement -> 2, acquireRetryAttempts -> 10, acquireRetryDelay -> 1000, autoCommitOnClose -> false, automaticTestTable -> null, breakAfterAcquireFailure -> false, checkoutTimeout -> 10000, connectionCustomizerClassName -> null, connectionTesterClassName -> com.mchange.v2.c3p0.impl.DefaultConnectionTester, dataSourceName -> 1hge15x9o1hheq7h96rn73|397fbdb, debugUnreturnedConnectionStackTraces -> false, description -> null, driverClass -> com.mysql.jdbc.Driver, factoryClassLocation -> null, forceIgnoreUnresolvedTransactions -> false, identityToken -> 1hge15x9o1hheq7h96rn73|397fbdb, idleConnectionTestPeriod -> 1800, initialPoolSize -> 2, jdbcUrl -> jdbc:mysql://localhost/hotel_manage_system?useUnicode=true&characterEncoding=UTF-8, maxAdministrativeTaskTime -> 0, maxConnectionAge -> 0, maxIdleTime -> 1800, maxIdleTimeExcessConnections -> 20, maxPoolSize -> 2000, maxStatements -> 0, maxStatementsPerConnection -> 0, minPoolSize -> 10, numHelperThreads -> 3, numThreadsAwaitingCheckoutDefaultUser -> 0, preferredTestQuery -> null, properties -> {user=******, password=******}, propertyCycle -> 0, testConnectionOnCheckin -> false, testConnectionOnCheckout -> false, unreturnedConnectionTimeout -> 25, usesTraditionalReflectiveProxies -> false ]
2017-06-19 22:29:45 [WX] INFO com.mchange.v2.log.MLog.<clinit>(80) 
 MLog clients using log4j logging.
2017-06-19 22:29:45 [WX] INFO com.mchange.v2.c3p0.C3P0Registry.banner(204) 
 Initializing c3p0-0.9.1.2 [built 21-May-2007 15:04:56; debug? true; trace: 10]
2017-06-19 22:29:45 [WX] INFO com.mchange.v2.c3p0.impl.AbstractPoolBackedDataSource.getPoolManager(462) 
 Initializing c3p0 pool... com.mchange.v2.c3p0.ComboPooledDataSource [ acquireIncrement -> 2, acquireRetryAttempts -> 10, acquireRetryDelay -> 1000, autoCommitOnClose -> false, automaticTestTable -> null, breakAfterAcquireFailure -> false, checkoutTimeout -> 10000, connectionCustomizerClassName -> null, connectionTesterClassName -> com.mchange.v2.c3p0.impl.DefaultConnectionTester, dataSourceName -> 1hge15x9o1hhf4eu18junk|397fbdb, debugUnreturnedConnectionStackTraces -> false, description -> null, driverClass -> com.mysql.jdbc.Driver, factoryClassLocation -> null, forceIgnoreUnresolvedTransactions -> false, identityToken -> 1hge15x9o1hhf4eu18junk|397fbdb, idleConnectionTestPeriod -> 1800, initialPoolSize -> 2, jdbcUrl -> jdbc:mysql://localhost/hotel_manage_system?useUnicode=true&characterEncoding=UTF-8, maxAdministrativeTaskTime -> 0, maxConnectionAge -> 0, maxIdleTime -> 1800, maxIdleTimeExcessConnections -> 20, maxPoolSize -> 2000, maxStatements -> 0, maxStatementsPerConnection -> 0, minPoolSize -> 10, numHelperThreads -> 3, numThreadsAwaitingCheckoutDefaultUser -> 0, preferredTestQuery -> null, properties -> {user=******, password=******}, propertyCycle -> 0, testConnectionOnCheckin -> false, testConnectionOnCheckout -> false, unreturnedConnectionTimeout -> 25, usesTraditionalReflectiveProxies -> false ]
